<?xml version="1.0" encoding="UTF-8"?>
<!-- Generated by org.testng.reporters.JUnitXMLReporter -->
<testsuite ignored="0" hostname="Philips-Mini.home" failures="0" tests="2" name="BankingApp Test" time="12.316" errors="0" timestamp="10 Nov 2020 15:11:26 GMT">
  <testcase classname="com.InternetBanking.testCases.TC_LoginTest_001" name="loginTest" time="1.794"/>
  <testcase classname="com.InternetBanking.testCases.TC_AddCustomer_003" name="addCustomerTest" time="4.62"/>
</testsuite> <!-- BankingApp Test -->
